Detecting compiler hash for triplet x64-linux...
Compiler found: /usr/bin/c++
The following packages are already installed:
  * boost-array:x64-linux@1.89.0
  * boost-assert:x64-linux@1.89.0
  * boost-bind:x64-linux@1.89.0
  * boost-cmake:x64-linux@1.89.0
  * boost-concept-check:x64-linux@1.89.0
  * boost-config:x64-linux@1.89.0
  * boost-container-hash:x64-linux@1.89.0
  * boost-conversion:x64-linux@1.89.0
  * boost-core:x64-linux@1.89.0
  * boost-describe:x64-linux@1.89.0
  * boost-detail:x64-linux@1.89.0
    boost-dynamic-bitset:x64-linux@1.89.0
    boost-foreach:x64-linux@1.89.0
  * boost-function:x64-linux@1.89.0
  * boost-function-types:x64-linux@1.89.0
  * boost-functional:x64-linux@1.89.0
  * boost-fusion:x64-linux@1.89.0
  * boost-headers:x64-linux@1.89.0
  * boost-integer:x64-linux@1.89.0
  * boost-io:x64-linux@1.89.0
  * boost-iterator:x64-linux@1.89.0
  * boost-move:x64-linux@1.89.0
  * boost-mp11:x64-linux@1.89.0
  * boost-mpl:x64-linux@1.89.0
  * boost-optional:x64-linux@1.89.0
  * boost-predef:x64-linux@1.89.0
  * boost-preprocessor:x64-linux@1.89.0
  * boost-range:x64-linux@1.89.0
  * boost-regex:x64-linux@1.89.0
  * boost-smart-ptr:x64-linux@1.89.0
  * boost-static-assert:x64-linux@1.89.0
  * boost-throw-exception:x64-linux@1.89.0
    boost-tuple:x64-linux@1.89.0
  * boost-type-traits:x64-linux@1.89.0
  * boost-typeof:x64-linux@1.89.0
  * boost-uninstall:x64-linux@1.89.0
  * boost-utility:x64-linux@1.89.0
    cereal:x64-linux@1.3.2#1
    fmt:x64-linux@12.1.0
    glm:x64-linux@1.0.2
    libmariadb[core,openssl]:x64-linux@3.4.7
    libsodium:x64-linux@1.0.20#3
    libuv:x64-linux@1.51.0
    luajit:x64-linux@2023-01-04#7
    openssl:x64-linux@3.6.0#3
    recastnavigation:x64-linux@1.6.0#1
  * vcpkg-boost:x64-linux@2025-03-29
  * vcpkg-cmake:x64-linux@2024-04-23
  * vcpkg-cmake-config:x64-linux@2024-05-23
  * vcpkg-cmake-get-vars:x64-linux@2025-05-29
    zlib:x64-linux@1.3.1
boost-dynamic-bitset provides CMake targets:

  # this is heuristically generated, and may not be correct
  find_package(boost_dynamic_bitset CONFIG REQUIRED)
  target_link_libraries(main PRIVATE Boost::dynamic_bitset)

boost-tuple provides CMake targets:

  # this is heuristically generated, and may not be correct
  find_package(boost_tuple CONFIG REQUIRED)
  target_link_libraries(main PRIVATE Boost::tuple)

boost-foreach provides CMake targets:

  # this is heuristically generated, and may not be correct
  find_package(boost_foreach CONFIG REQUIRED)
  target_link_libraries(main PRIVATE Boost::foreach)

cereal provides CMake targets:

  # this is heuristically generated, and may not be correct
  find_package(cereal CONFIG REQUIRED)
  target_link_libraries(main PRIVATE cereal::cereal)

The package fmt provides CMake targets:

    find_package(fmt CONFIG REQUIRED)
    target_link_libraries(main PRIVATE fmt::fmt)

    # Or use the header-only version
    find_package(fmt CONFIG REQUIRED)
    target_link_libraries(main PRIVATE fmt::fmt-header-only)

The package glm provides CMake targets:

    find_package(glm CONFIG REQUIRED)
    target_link_libraries(main PRIVATE glm::glm)

    # Or use the header-only version
    find_package(glm CONFIG REQUIRED)
    target_link_libraries(main PRIVATE glm::glm-header-only)

openssl is compatible with built-in CMake targets:

  find_package(OpenSSL REQUIRED)
  target_link_libraries(main PRIVATE OpenSSL::SSL)
  target_link_libraries(main PRIVATE OpenSSL::Crypto)

The package zlib is compatible with built-in CMake targets:

    find_package(ZLIB REQUIRED)
    target_link_libraries(main PRIVATE ZLIB::ZLIB)

libmariadb provides CMake targets:

  # this is heuristically generated, and may not be correct
  find_package(unofficial-libmariadb CONFIG REQUIRED)
  target_link_libraries(main PRIVATE unofficial::libmariadb)

libmariadb provides pkg-config modules:

  # MariaDB Connector/C dynamic library
  libmariadb

libsodium provides CMake targets:

  # this is heuristically generated, and may not be correct
  find_package(unofficial-sodium CONFIG REQUIRED)
  target_link_libraries(main PRIVATE unofficial-sodium::sodium)

libsodium provides pkg-config modules:

  # A modern and easy-to-use crypto library
  libsodium

libuv provides CMake targets:

    find_package(libuv CONFIG REQUIRED)
    target_link_libraries(main PRIVATE $<IF:$<TARGET_EXISTS:libuv::uv_a>,libuv::uv_a,libuv::uv>)

luajit provides pkg-config modules:

  # Just-in-time compiler for Lua
  luajit

recastnavigation provides CMake targets:

  # this is heuristically generated, and may not be correct
  find_package(recastnavigation CONFIG REQUIRED)
  # note: 1 additional targets are not displayed.
  target_link_libraries(main PRIVATE RecastNavigation::Detour RecastNavigation::Recast RecastNavigation::DebugUtils RecastNavigation::DetourCrowd)

recastnavigation provides pkg-config modules:

  # RecastNavigation is a cross-platform navigation mesh construction toolset for games
  recastnavigation

All requested installations completed successfully in: 402 us
